2015-03-18T20:47:16.419
Username: jefe
REQUEST: Get from jefe
RESPONSE: Get Request Successful

2015-03-18T20:47:26.347
Username: jefe
REQUEST: Put from jefe
RESPONSE: Put request successful

2015-03-18T20:47:58.971
Username: jefe
REQUEST: Get from jefe
RESPONSE: Get Request Successful

2015-03-18T20:50:55.331
Username: jefe
REQUEST: Get from jefe
RESPONSE: Get Request Successful

2015-03-18T20:51:11.369
Username: jefe
REQUEST: Get from jefe
RESPONSE: Get Request Successful

2015-03-18T21:00:05.287
Username: jefe
REQUEST: Get from jefe
RESPONSE: Get Request Successful

2015-03-18T21:02:05.063
Username: jefe
REQUEST: Get from jefe
RESPONSE: Get Request Successful

2015-03-18T21:02:29.880
Username: jefe
REQUEST: Put from jefe
RESPONSE: Put request successful

2015-03-18T21:02:46.120
Username: jefe
REQUEST: Get from jefe
RESPONSE: Get Request Successful

